{"level":"info","message":{"duration":0.164,"method":"POST","route":"/signup","status_code":200},"timestamp":"2024-06-14T15:11:40.343Z"}
{"level":"info","message":{"duration":0.001,"method":"POST","route":"/api/user/login","status_code":400},"timestamp":"2024-06-14T15:12:10.731Z"}
{"level":"info","message":{"duration":0.094,"method":"POST","route":"/login","status_code":200},"timestamp":"2024-06-14T15:12:16.119Z"}
{"level":"info","message":{"duration":0.003,"method":"GET","route":"/metrics","status_code":200},"timestamp":"2024-06-14T15:12:46.074Z"}
{"level":"info","message":{"duration":0.002,"method":"GET","route":"/metrics","status_code":200},"timestamp":"2024-06-14T15:12:56.403Z"}
{"level":"info","message":{"duration":0.003,"method":"GET","route":"/favicon.ico","status_code":404},"timestamp":"2024-06-14T15:12:56.511Z"}
{"level":"info","message":{"duration":0.141,"method":"POST","route":"/signup","status_code":400},"timestamp":"2025-03-29T11:25:16.487Z"}
{"level":"info","message":{"duration":0.001,"method":"POST","route":"/signup","status_code":400},"timestamp":"2025-03-29T11:25:16.518Z"}
{"level":"info","message":{"duration":0.066,"method":"POST","route":"/login","status_code":400},"timestamp":"2025-03-29T11:25:16.586Z"}
{"level":"info","message":{"duration":0.064,"method":"POST","route":"/login","status_code":400},"timestamp":"2025-03-29T11:25:16.654Z"}
{"level":"info","message":{"duration":0.001,"method":"GET","route":"/metrics","status_code":200},"timestamp":"2025-03-29T11:25:16.660Z"}
{"level":"info","message":{"duration":0.031,"method":"POST","route":"/signup","status_code":400},"timestamp":"2025-03-29T12:01:00.788Z"}
{"level":"info","message":{"duration":0.002,"method":"POST","route":"/signup","status_code":400},"timestamp":"2025-03-29T12:01:00.810Z"}
{"level":"info","message":{"duration":0.095,"method":"POST","route":"/login","status_code":400},"timestamp":"2025-03-29T12:01:00.907Z"}
{"level":"info","message":{"duration":0.066,"method":"POST","route":"/login","status_code":400},"timestamp":"2025-03-29T12:01:00.978Z"}
{"level":"info","message":{"duration":0,"method":"GET","route":"/metrics","status_code":200},"timestamp":"2025-03-29T12:01:00.981Z"}
{"level":"info","message":{"duration":0.124,"method":"POST","route":"/login","status_code":400},"timestamp":"2025-03-29T13:19:53.241Z"}
{"level":"info","message":{"duration":0.065,"method":"POST","route":"/login","status_code":400},"timestamp":"2025-03-29T13:19:53.331Z"}
{"level":"info","message":{"duration":0.002,"method":"POST","route":"/signup","status_code":400},"timestamp":"2025-03-29T13:19:53.335Z"}
{"level":"info","message":{"duration":0.001,"method":"POST","route":"/signup","status_code":400},"timestamp":"2025-03-29T13:19:53.339Z"}
{"level":"info","message":{"duration":0.001,"method":"GET","route":"/metrics","status_code":200},"timestamp":"2025-03-29T13:19:53.342Z"}
{"level":"info","message":{"duration":0.033,"method":"POST","route":"/signup","status_code":400},"timestamp":"2025-03-29T13:45:20.295Z"}
{"level":"info","message":{"duration":0.093,"method":"POST","route":"/login","status_code":400},"timestamp":"2025-03-29T13:45:20.408Z"}
{"level":"info","message":{"duration":0,"method":"GET","route":"/metrics","status_code":200},"timestamp":"2025-03-29T13:45:20.412Z"}
{"level":"info","message":{"duration":0.023,"method":"POST","route":"/signup","status_code":400},"timestamp":"2025-03-29T13:47:16.759Z"}
{"level":"info","message":{"duration":0.071,"method":"POST","route":"/login","status_code":400},"timestamp":"2025-03-29T13:47:16.848Z"}
{"level":"info","message":{"duration":0.001,"method":"GET","route":"/metrics","status_code":200},"timestamp":"2025-03-29T13:47:16.852Z"}
{"level":"info","message":{"duration":0.071,"method":"POST","route":"/login","status_code":400},"timestamp":"2025-03-29T13:51:53.892Z"}
{"level":"info","message":{"duration":0.064,"method":"POST","route":"/login","status_code":400},"timestamp":"2025-03-29T13:51:53.975Z"}
{"level":"info","message":{"duration":0.002,"method":"POST","route":"/signup","status_code":400},"timestamp":"2025-03-29T13:51:53.980Z"}
{"level":"info","message":{"duration":0,"method":"POST","route":"/signup","status_code":400},"timestamp":"2025-03-29T13:51:53.983Z"}
{"level":"info","message":{"duration":0.001,"method":"GET","route":"/metrics","status_code":200},"timestamp":"2025-03-29T13:51:53.986Z"}
{"level":"info","message":{"duration":0.005,"method":"POST","route":"/signup","status_code":400},"timestamp":"2025-03-29T13:54:17.976Z"}
{"level":"info","message":{"duration":0.065,"method":"POST","route":"/login","status_code":400},"timestamp":"2025-03-29T13:54:18.059Z"}
{"level":"info","message":{"duration":0.065,"method":"POST","route":"/login","status_code":400},"timestamp":"2025-03-29T13:54:18.127Z"}
{"level":"info","message":{"duration":0,"method":"POST","route":"/signup","status_code":400},"timestamp":"2025-03-29T13:54:18.130Z"}
{"level":"info","message":{"duration":0,"method":"GET","route":"/metrics","status_code":200},"timestamp":"2025-03-29T13:54:18.134Z"}
{"level":"info","message":{"duration":0.005,"method":"POST","route":"/signup","status_code":400},"timestamp":"2025-03-29T13:56:09.057Z"}
{"level":"info","message":{"duration":0.068,"method":"POST","route":"/login","status_code":400},"timestamp":"2025-03-29T13:56:09.144Z"}
{"level":"info","message":{"duration":0.066,"method":"POST","route":"/login","status_code":400},"timestamp":"2025-03-29T13:56:09.213Z"}
{"level":"info","message":{"duration":0,"method":"POST","route":"/signup","status_code":400},"timestamp":"2025-03-29T13:56:09.215Z"}
{"level":"info","message":{"duration":0.001,"method":"GET","route":"/metrics","status_code":200},"timestamp":"2025-03-29T13:56:09.218Z"}
{"level":"info","message":{"duration":0.003,"method":"POST","route":"/signup","status_code":400},"timestamp":"2025-03-29T13:58:12.577Z"}
{"level":"info","message":{"duration":0.065,"method":"POST","route":"/login","status_code":400},"timestamp":"2025-03-29T13:58:12.661Z"}
{"level":"info","message":{"duration":0.067,"method":"POST","route":"/login","status_code":400},"timestamp":"2025-03-29T13:58:12.731Z"}
{"level":"info","message":{"duration":0.001,"method":"POST","route":"/signup","status_code":400},"timestamp":"2025-03-29T13:58:12.734Z"}
{"level":"info","message":{"duration":0.001,"method":"GET","route":"/metrics","status_code":200},"timestamp":"2025-03-29T13:58:12.736Z"}
{"level":"info","message":{"duration":0.014,"method":"POST","route":"/signup","status_code":400},"timestamp":"2025-03-29T13:58:47.051Z"}
{"level":"info","message":{"duration":0.072,"method":"POST","route":"/login","status_code":200},"timestamp":"2025-03-29T13:58:47.141Z"}
{"level":"info","message":{"duration":0.065,"method":"POST","route":"/login","status_code":400},"timestamp":"2025-03-29T13:58:47.208Z"}
{"level":"info","message":{"duration":0,"method":"POST","route":"/signup","status_code":400},"timestamp":"2025-03-29T13:58:47.211Z"}
{"level":"info","message":{"duration":0.001,"method":"GET","route":"/metrics","status_code":200},"timestamp":"2025-03-29T13:58:47.214Z"}
{"level":"info","message":{"duration":0.09,"method":"POST","route":"/signup","status_code":200},"timestamp":"2025-03-29T14:00:32.384Z"}
{"level":"info","message":{"duration":0.065,"method":"POST","route":"/login","status_code":200},"timestamp":"2025-03-29T14:00:32.452Z"}
{"level":"info","message":{"duration":0,"method":"GET","route":"/metrics","status_code":200},"timestamp":"2025-03-29T14:00:32.455Z"}
